# JRE version: OpenJDK Runtime Environment (11.0.11+9) (build 11.0.11+9-b60-7590822)
# Java VM: OpenJDK 64-Bit Server VM (11.0.11+9-b60-7590822, mixed mode, tiered, compressed oops, g1 gc, windows-amd64)
Heap:
 garbage-first heap   total 155648K, used 108714K [0x0000000080000000, 0x0000000100000000)
  region size 1024K, 64 young (65536K), 3 survivors (3072K)
 Metaspace       used 65158K, capacity 66754K, committed 66944K, reserved 1107968K
  class space    used 8229K, capacity 8808K, committed 8908K, reserved 1048576K
GC Heap History (20 events):
Event: 0.896 GC heap before
{Heap before GC invocations=1 (full 0):
 garbage-first heap   total 129024K, used 40317K [0x0000000080000000, 0x0000000100000000)
  region size 1024K, 32 young (32768K), 3 survivors (3072K)
 Metaspace       used 10822K, capacity 11005K, committed 11264K, reserved 1058816K
  class space    used 1131K, capacity 1207K, committed 1280K, reserved 1048576K
}
Event: 0.900 GC heap after
{Heap after GC invocations=2 (full 0):
 garbage-first heap   total 129024K, used 12202K [0x0000000080000000, 0x0000000100000000)
  region size 1024K, 2 young (2048K), 2 survivors (2048K)
 Metaspace       used 10822K, capacity 11005K, committed 11264K, reserved 1058816K
  class space    used 1131K, capacity 1207K, committed 1280K, reserved 1048576K
}
Event: 2.313 GC heap before
{Heap before GC invocations=2 (full 0):
 garbage-first heap   total 129024K, used 56234K [0x0000000080000000, 0x0000000100000000)
  region size 1024K, 45 young (46080K), 2 survivors (2048K)
 Metaspace       used 17574K, capacity 17922K, committed 18176K, reserved 1064960K
  class space    used 2080K, capacity 2217K, committed 2304K, reserved 1048576K
}
Event: 2.317 GC heap after
{Heap after GC invocations=3 (full 0):
 garbage-first heap   total 129024K, used 16384K [0x0000000080000000, 0x0000000100000000)
  region size 1024K, 6 young (6144K), 6 survivors (6144K)
 Metaspace       used 17574K, capacity 17922K, committed 18176K, reserved 1064960K
  class space    used 2080K, capacity 2217K, committed 2304K, reserved 1048576K
}
Event: 2.542 GC heap before
{Heap before GC invocations=3 (full 0):
 garbage-first heap   total 129024K, used 41984K [0x0000000080000000, 0x0000000100000000)
  region size 1024K, 32 young (32768K), 6 survivors (6144K)
 Metaspace       used 20658K, capacity 21075K, committed 21248K, reserved 1067008K
  class space    used 2540K, capacity 2693K, committed 2816K, reserved 1048576K
}
Event: 2.548 GC heap after
{Heap after GC invocations=4 (full 0):
 garbage-first heap   total 129024K, used 17487K [0x0000000080000000, 0x0000000100000000)
  region size 1024K, 2 young (2048K), 2 survivors (2048K)
 Metaspace       used 20658K, capacity 21075K, committed 21248K, reserved 1067008K
  class space    used 2540K, capacity 2693K, committed 2816K, reserved 1048576K
}
Event: 2.972 GC heap before
{Heap before GC invocations=5 (full 0):
 garbage-first heap   total 129024K, used 65615K [0x0000000080000000, 0x0000000100000000)
  region size 1024K, 49 young (50176K), 2 survivors (2048K)
 Metaspace       used 25592K, capacity 26198K, committed 26368K, reserved 1073152K
  class space    used 3333K, capacity 3534K, committed 3584K, reserved 1048576K
}
Event: 2.975 GC heap after
{Heap after GC invocations=6 (full 0):
 garbage-first heap   total 129024K, used 19208K [0x0000000080000000, 0x0000000100000000)
  region size 1024K, 3 young (3072K), 3 survivors (3072K)
 Metaspace       used 25592K, capacity 26198K, committed 26368K, reserved 1073152K
  class space    used 3333K, capacity 3534K, committed 3584K, reserved 1048576K
}
Event: 3.724 GC heap before
{Heap before GC invocations=6 (full 0):
 garbage-first heap   total 129024K, used 84744K [0x0000000080000000, 0x0000000100000000)
  region size 1024K, 67 young (68608K), 3 survivors (3072K)
 Metaspace       used 34804K, capacity 35575K, committed 35584K, reserved 1079296K
  class space    used 4537K, capacity 4857K, committed 4864K, reserved 1048576K
}
Event: 3.730 GC heap after
{Heap after GC invocations=7 (full 0):
 garbage-first heap   total 129024K, used 22825K [0x0000000080000000, 0x0000000100000000)
  region size 1024K, 7 young (7168K), 7 survivors (7168K)
 Metaspace       used 34804K, capacity 35575K, committed 35584K, reserved 1079296K
  class space    used 4537K, capacity 4857K, committed 4864K, reserved 1048576K
}
Event: 3.748 GC heap before
{Heap before GC invocations=7 (full 0):
 garbage-first heap   total 129024K, used 23849K [0x0000000080000000, 0x0000000100000000)
  region size 1024K, 9 young (9216K), 7 survivors (7168K)
 Metaspace       used 35018K, capacity 35786K, committed 35840K, reserved 1081344K
  class space    used 4564K, capacity 4863K, committed 4864K, reserved 1048576K
}
Event: 3.758 GC heap after
{Heap after GC invocations=8 (full 0):
 garbage-first heap   total 155648K, used 23467K [0x0000000080000000, 0x0000000100000000)
  region size 1024K, 5 young (5120K), 5 survivors (5120K)
 Metaspace       used 35018K, capacity 35786K, committed 35840K, reserved 1081344K
  class space    used 4564K, capacity 4863K, committed 4864K, reserved 1048576K
}
Event: 4.617 GC heap before
{Heap before GC invocations=9 (full 0):
 garbage-first heap   total 155648K, used 98219K [0x0000000080000000, 0x0000000100000000)
  region size 1024K, 76 young (77824K), 5 survivors (5120K)
 Metaspace       used 40440K, capacity 41352K, committed 41420K, reserved 1085440K
  class space    used 5199K, capacity 5539K, committed 5580K, reserved 1048576K
}
Event: 4.625 GC heap after
{Heap after GC invocations=10 (full 0):
 garbage-first heap   total 155648K, used 28800K [0x0000000080000000, 0x0000000100000000)
  region size 1024K, 10 young (10240K), 10 survivors (10240K)
 Metaspace       used 40440K, capacity 41352K, committed 41420K, reserved 1085440K
  class space    used 5199K, capacity 5539K, committed 5580K, reserved 1048576K
}
Event: 5.718 GC heap before
{Heap before GC invocations=10 (full 0):
 garbage-first heap   total 155648K, used 108672K [0x0000000080000000, 0x0000000100000000)
  region size 1024K, 88 young (90112K), 10 survivors (10240K)
 Metaspace       used 47088K, capacity 48301K, committed 48588K, reserved 1091584K
  class space    used 6045K, capacity 6484K, committed 6604K, reserved 1048576K
}
Event: 5.727 GC heap after
{Heap after GC invocations=11 (full 0):
 garbage-first heap   total 155648K, used 31851K [0x0000000080000000, 0x0000000100000000)
  region size 1024K, 9 young (9216K), 9 survivors (9216K)
 Metaspace       used 47088K, capacity 48301K, committed 48588K, reserved 1091584K
  class space    used 6045K, capacity 6484K, committed 6604K, reserved 1048576K
}
Event: 7.342 GC heap before
{Heap before GC invocations=11 (full 0):
 garbage-first heap   total 155648K, used 118891K [0x0000000080000000, 0x0000000100000000)
  region size 1024K, 90 young (92160K), 9 survivors (9216K)
 Metaspace       used 52595K, capacity 53935K, committed 54220K, reserved 1095680K
  class space    used 6716K, capacity 7237K, committed 7372K, reserved 1048576K
}
Event: 7.351 GC heap after
{Heap after GC invocations=12 (full 0):
 garbage-first heap   total 155648K, used 45188K [0x0000000080000000, 0x0000000100000000)
  region size 1024K, 12 young (12288K), 12 survivors (12288K)
 Metaspace       used 52595K, capacity 53935K, committed 54220K, reserved 1095680K
  class space    used 6716K, capacity 7237K, committed 7372K, reserved 1048576K
}
Event: 8.166 GC heap before
{Heap before GC invocations=12 (full 0):
 garbage-first heap   total 155648K, used 86148K [0x0000000080000000, 0x0000000100000000)
  region size 1024K, 53 young (54272K), 12 survivors (12288K)
 Metaspace       used 58694K, capacity 60085K, committed 60288K, reserved 1101824K
  class space    used 7438K, capacity 8003K, committed 8140K, reserved 1048576K
}
Event: 8.182 GC heap after
{Heap after GC invocations=13 (full 0):
 garbage-first heap   total 155648K, used 47274K [0x0000000080000000, 0x0000000100000000)
  region size 1024K, 3 young (3072K), 3 survivors (3072K)
 Metaspace       used 58694K, capacity 60085K, committed 60288K, reserved 1101824K
  class space    used 7438K, capacity 8003K, committed 8140K, reserved 1048576K
}

